<?xml version="1.0" encoding="UTF-8"?>
<!-- Generated by org.testng.reporters.JUnitXMLReporter -->
<testsuite hostname="192.168.1.5" ignored="0" name="Default test" tests="3" failures="0" timestamp="18 Mar 2020 18:50:02 GMT" time="0.048" errors="0">
  <testcase name="mul" time="0.014" classname="com.qa.maven.AirtmeticConcepts"/>
  <testcase name="sub" time="0.003" classname="com.qa.maven.AirtmeticConcepts"/>
  <testcase name="sum" time="0.002" classname="com.qa.maven.AirtmeticConcepts"/>
</testsuite> <!-- Default test -->
