<?xml version="1.0" encoding="UTF-8"?>
<!-- Generated by org.testng.reporters.JUnitXMLReporter -->
<testsuite hostname="192.168.1.5" ignored="0" name="Test" tests="6" failures="0" timestamp="18 Mar 2020 18:55:57 GMT" time="0.063" errors="0">
  <testcase name="mul" time="0.016" classname="com.qa.maven.AirtmeticConcepts"/>
  <testcase name="sub" time="0.001" classname="com.qa.maven.AirtmeticConcepts"/>
  <testcase name="sum" time="0.002" classname="com.qa.maven.AirtmeticConcepts"/>
  <testcase name="mul" time="0.002" classname="com.qa.maven.AirtmeticConcepts2"/>
  <testcase name="sub" time="0.002" classname="com.qa.maven.AirtmeticConcepts2"/>
  <testcase name="sum" time="0.002" classname="com.qa.maven.AirtmeticConcepts2"/>
</testsuite> <!-- Test -->
