<?xml version="1.0" encoding="UTF-8"?>
<testng-results skipped="0" failed="0" ignored="0" total="6" passed="6">
  <reporter-output>
  </reporter-output>
  <suite name="Test Maven Suite" duration-ms="47" started-at="2020-03-18T19:30:37Z" finished-at="2020-03-18T19:30:37Z">
    <groups>
    </groups>
    <test name="Test" duration-ms="47" started-at="2020-03-18T19:30:37Z" finished-at="2020-03-18T19:30:37Z">
      <class name="com.qa.maven.AirtmeticConcepts2">
        <test-method status="PASS" signature="mul()[pri:0, instance:com.qa.maven.AirtmeticConcepts2@48140564]" name="mul" duration-ms="0" started-at="2020-03-18T19:30:37Z" finished-at="2020-03-18T19:30:37Z">
          <reporter-output>
          </reporter-output>
        </test-method> <!-- mul -->
        <test-method status="PASS" signature="sub()[pri:0, instance:com.qa.maven.AirtmeticConcepts2@48140564]" name="sub" duration-ms="0" started-at="2020-03-18T19:30:37Z" finished-at="2020-03-18T19:30:37Z">
          <reporter-output>
          </reporter-output>
        </test-method> <!-- sub -->
        <test-method status="PASS" signature="sum()[pri:0, instance:com.qa.maven.AirtmeticConcepts2@48140564]" name="sum" duration-ms="0" started-at="2020-03-18T19:30:37Z" finished-at="2020-03-18T19:30:37Z">
          <reporter-output>
          </reporter-output>
        </test-method> <!-- sum -->
      </class> <!-- com.qa.maven.AirtmeticConcepts2 -->
      <class name="com.qa.maven.AirtmeticConcepts">
        <test-method status="PASS" signature="mul()[pri:0, instance:com.qa.maven.AirtmeticConcepts@1d251891]" name="mul" duration-ms="8" started-at="2020-03-18T19:30:37Z" finished-at="2020-03-18T19:30:37Z">
          <reporter-output>
          </reporter-output>
        </test-method> <!-- mul -->
        <test-method status="PASS" signature="sub()[pri:0, instance:com.qa.maven.AirtmeticConcepts@1d251891]" name="sub" duration-ms="0" started-at="2020-03-18T19:30:37Z" finished-at="2020-03-18T19:30:37Z">
          <reporter-output>
          </reporter-output>
        </test-method> <!-- sub -->
        <test-method status="PASS" signature="sum()[pri:0, instance:com.qa.maven.AirtmeticConcepts@1d251891]" name="sum" duration-ms="0" started-at="2020-03-18T19:30:37Z" finished-at="2020-03-18T19:30:37Z">
          <reporter-output>
          </reporter-output>
        </test-method> <!-- sum -->
      </class> <!-- com.qa.maven.AirtmeticConcepts -->
    </test> <!-- Test -->
  </suite> <!-- Test Maven Suite -->
</testng-results>
