<?xml version="1.0" encoding="UTF-8"?>
<testng-results skipped="0" failed="0" ignored="0" total="6" passed="6">
  <reporter-output>
  </reporter-output>
  <suite name="Test Maven Suite" duration-ms="53" started-at="2020-03-18T19:03:35Z" finished-at="2020-03-18T19:03:35Z">
    <groups>
    </groups>
    <test name="Test" duration-ms="53" started-at="2020-03-18T19:03:35Z" finished-at="2020-03-18T19:03:35Z">
      <class name="com.qa.maven.AirtmeticConcepts2">
        <test-method status="PASS" signature="mul()[pri:0, instance:com.qa.maven.AirtmeticConcepts2@36d4b5c]" name="mul" duration-ms="1" started-at="2020-03-18T19:03:35Z" finished-at="2020-03-18T19:03:35Z">
          <reporter-output>
          </reporter-output>
        </test-method> <!-- mul -->
        <test-method status="PASS" signature="sub()[pri:0, instance:com.qa.maven.AirtmeticConcepts2@36d4b5c]" name="sub" duration-ms="2" started-at="2020-03-18T19:03:35Z" finished-at="2020-03-18T19:03:35Z">
          <reporter-output>
          </reporter-output>
        </test-method> <!-- sub -->
        <test-method status="PASS" signature="sum()[pri:0, instance:com.qa.maven.AirtmeticConcepts2@36d4b5c]" name="sum" duration-ms="1" started-at="2020-03-18T19:03:35Z" finished-at="2020-03-18T19:03:35Z">
          <reporter-output>
          </reporter-output>
        </test-method> <!-- sum -->
      </class> <!-- com.qa.maven.AirtmeticConcepts2 -->
      <class name="com.qa.maven.AirtmeticConcepts">
        <test-method status="PASS" signature="mul()[pri:0, instance:com.qa.maven.AirtmeticConcepts@2ef5e5e3]" name="mul" duration-ms="10" started-at="2020-03-18T19:03:35Z" finished-at="2020-03-18T19:03:35Z">
          <reporter-output>
          </reporter-output>
        </test-method> <!-- mul -->
        <test-method status="PASS" signature="sub()[pri:0, instance:com.qa.maven.AirtmeticConcepts@2ef5e5e3]" name="sub" duration-ms="2" started-at="2020-03-18T19:03:35Z" finished-at="2020-03-18T19:03:35Z">
          <reporter-output>
          </reporter-output>
        </test-method> <!-- sub -->
        <test-method status="PASS" signature="sum()[pri:0, instance:com.qa.maven.AirtmeticConcepts@2ef5e5e3]" name="sum" duration-ms="1" started-at="2020-03-18T19:03:35Z" finished-at="2020-03-18T19:03:35Z">
          <reporter-output>
          </reporter-output>
        </test-method> <!-- sum -->
      </class> <!-- com.qa.maven.AirtmeticConcepts -->
    </test> <!-- Test -->
  </suite> <!-- Test Maven Suite -->
</testng-results>
